[INFO ] 2018-05-21 16:32:30.254 [localhost-startStop-1] ContextLoader - Root WebApplicationContext: initialization completed in 1566 ms
[INFO ] 2018-05-21 16:32:30.509 [main] SimpleUrlHandlerMapping - Mapped URL path [/**/favicon.ico] onto handler of type [class org.springframework.web.servlet.resource.ResourceHttpRequestHandler]
[INFO ] 2018-05-21 16:32:30.700 [main] RequestMappingHandlerAdapter - Looking for @ControllerAdvice: org.springframework.boot.web.servlet.context.AnnotationConfigServletWebServerApplicationContext@1c6804cd: startup date [Mon May 21 16:32:28 CDT 2018]; root of context hierarchy
[INFO ] 2018-05-21 16:32:30.754 [main] RequestMappingHandlerMapping - Mapped "{[/]}" onto java.lang.String com.javasampleapproach.log4j2.controller.SimpleController.hello()
[INFO ] 2018-05-21 16:32:30.760 [main] RequestMappingHandlerMapping - Mapped "{[/error]}" onto public org.springframework.http.ResponseEntity<java.util.Map<java.lang.String, java.lang.Object>> org.springframework.boot.autoconfigure.web.servlet.error.BasicErrorController.error(javax.servlet.http.HttpServletRequest)
[INFO ] 2018-05-21 16:32:30.761 [main] RequestMappingHandlerMapping - Mapped "{[/error],produces=[text/html]}" onto public org.springframework.web.servlet.ModelAndView org.springframework.boot.autoconfigure.web.servlet.error.BasicErrorController.errorHtml(javax.servlet.http.HttpServletRequest,javax.servlet.http.HttpServletResponse)
[INFO ] 2018-05-21 16:32:30.783 [main] SimpleUrlHandlerMapping - Mapped URL path [/webjars/**] onto handler of type [class org.springframework.web.servlet.resource.ResourceHttpRequestHandler]
[INFO ] 2018-05-21 16:32:30.783 [main] SimpleUrlHandlerMapping - Mapped URL path [/**] onto handler of type [class org.springframework.web.servlet.resource.ResourceHttpRequestHandler]
[INFO ] 2018-05-21 16:42:01.081 [localhost-startStop-1] ContextLoader - Root WebApplicationContext: initialization completed in 1202 ms
[INFO ] 2018-05-21 16:42:01.326 [main] SimpleUrlHandlerMapping - Mapped URL path [/**/favicon.ico] onto handler of type [class org.springframework.web.servlet.resource.ResourceHttpRequestHandler]
[INFO ] 2018-05-21 16:42:01.550 [main] RequestMappingHandlerAdapter - Looking for @ControllerAdvice: org.springframework.boot.web.servlet.context.AnnotationConfigServletWebServerApplicationContext@1e7aa82b: startup date [Mon May 21 16:41:59 CDT 2018]; root of context hierarchy
[INFO ] 2018-05-21 16:42:01.597 [main] RequestMappingHandlerMapping - Mapped "{[/]}" onto java.lang.String com.javasampleapproach.log4j2.controller.SimpleController.hello()
[INFO ] 2018-05-21 16:42:01.602 [main] RequestMappingHandlerMapping - Mapped "{[/error]}" onto public org.springframework.http.ResponseEntity<java.util.Map<java.lang.String, java.lang.Object>> org.springframework.boot.autoconfigure.web.servlet.error.BasicErrorController.error(javax.servlet.http.HttpServletRequest)
[INFO ] 2018-05-21 16:42:01.603 [main] RequestMappingHandlerMapping - Mapped "{[/error],produces=[text/html]}" onto public org.springframework.web.servlet.ModelAndView org.springframework.boot.autoconfigure.web.servlet.error.BasicErrorController.errorHtml(javax.servlet.http.HttpServletRequest,javax.servlet.http.HttpServletResponse)
[INFO ] 2018-05-21 16:42:01.625 [main] SimpleUrlHandlerMapping - Mapped URL path [/webjars/**] onto handler of type [class org.springframework.web.servlet.resource.ResourceHttpRequestHandler]
[INFO ] 2018-05-21 16:42:01.626 [main] SimpleUrlHandlerMapping - Mapped URL path [/**] onto handler of type [class org.springframework.web.servlet.resource.ResourceHttpRequestHandler]
[INFO ] 2018-05-21 16:42:16.934 [http-nio-8080-exec-2] DispatcherServlet - FrameworkServlet 'dispatcherServlet': initialization started
[INFO ] 2018-05-21 16:42:16.951 [http-nio-8080-exec-2] DispatcherServlet - FrameworkServlet 'dispatcherServlet': initialization completed in 17 ms
[INFO ] 2018-05-21 16:44:13.231 [localhost-startStop-1] ContextLoader - Root WebApplicationContext: initialization completed in 1318 ms
[INFO ] 2018-05-21 16:44:13.494 [main] SimpleUrlHandlerMapping - Mapped URL path [/**/favicon.ico] onto handler of type [class org.springframework.web.servlet.resource.ResourceHttpRequestHandler]
[INFO ] 2018-05-21 16:44:13.721 [main] RequestMappingHandlerAdapter - Looking for @ControllerAdvice: org.springframework.boot.web.servlet.context.AnnotationConfigServletWebServerApplicationContext@3542162a: startup date [Mon May 21 16:44:11 CDT 2018]; root of context hierarchy
[INFO ] 2018-05-21 16:44:13.771 [main] RequestMappingHandlerMapping - Mapped "{[/]}" onto java.lang.String com.javasampleapproach.log4j2.controller.SimpleController.hello()
[INFO ] 2018-05-21 16:44:13.776 [main] RequestMappingHandlerMapping - Mapped "{[/error]}" onto public org.springframework.http.ResponseEntity<java.util.Map<java.lang.String, java.lang.Object>> org.springframework.boot.autoconfigure.web.servlet.error.BasicErrorController.error(javax.servlet.http.HttpServletRequest)
[INFO ] 2018-05-21 16:44:13.776 [main] RequestMappingHandlerMapping - Mapped "{[/error],produces=[text/html]}" onto public org.springframework.web.servlet.ModelAndView org.springframework.boot.autoconfigure.web.servlet.error.BasicErrorController.errorHtml(javax.servlet.http.HttpServletRequest,javax.servlet.http.HttpServletResponse)
[INFO ] 2018-05-21 16:44:13.801 [main] SimpleUrlHandlerMapping - Mapped URL path [/webjars/**] onto handler of type [class org.springframework.web.servlet.resource.ResourceHttpRequestHandler]
[INFO ] 2018-05-21 16:44:13.801 [main] SimpleUrlHandlerMapping - Mapped URL path [/**] onto handler of type [class org.springframework.web.servlet.resource.ResourceHttpRequestHandler]
[INFO ] 2018-05-21 16:44:18.372 [http-nio-8080-exec-1] DispatcherServlet - FrameworkServlet 'dispatcherServlet': initialization started
[INFO ] 2018-05-21 16:44:18.393 [http-nio-8080-exec-1] DispatcherServlet - FrameworkServlet 'dispatcherServlet': initialization completed in 21 ms
[INFO ] 2018-05-21 16:45:42.385 [localhost-startStop-1] ContextLoader - Root WebApplicationContext: initialization completed in 1221 ms
[INFO ] 2018-05-21 16:45:42.639 [main] SimpleUrlHandlerMapping - Mapped URL path [/**/favicon.ico] onto handler of type [class org.springframework.web.servlet.resource.ResourceHttpRequestHandler]
[INFO ] 2018-05-21 16:45:42.817 [main] RequestMappingHandlerAdapter - Looking for @ControllerAdvice: org.springframework.boot.web.servlet.context.AnnotationConfigServletWebServerApplicationContext@698122b2: startup date [Mon May 21 16:45:41 CDT 2018]; root of context hierarchy
[INFO ] 2018-05-21 16:45:42.863 [main] RequestMappingHandlerMapping - Mapped "{[/]}" onto java.lang.String com.javasampleapproach.log4j2.controller.SimpleController.hello()
[INFO ] 2018-05-21 16:45:42.868 [main] RequestMappingHandlerMapping - Mapped "{[/error],produces=[text/html]}" onto public org.springframework.web.servlet.ModelAndView org.springframework.boot.autoconfigure.web.servlet.error.BasicErrorController.errorHtml(javax.servlet.http.HttpServletRequest,javax.servlet.http.HttpServletResponse)
[INFO ] 2018-05-21 16:45:42.869 [main] RequestMappingHandlerMapping - Mapped "{[/error]}" onto public org.springframework.http.ResponseEntity<java.util.Map<java.lang.String, java.lang.Object>> org.springframework.boot.autoconfigure.web.servlet.error.BasicErrorController.error(javax.servlet.http.HttpServletRequest)
[INFO ] 2018-05-21 16:45:42.889 [main] SimpleUrlHandlerMapping - Mapped URL path [/webjars/**] onto handler of type [class org.springframework.web.servlet.resource.ResourceHttpRequestHandler]
[INFO ] 2018-05-21 16:45:42.890 [main] SimpleUrlHandlerMapping - Mapped URL path [/**] onto handler of type [class org.springframework.web.servlet.resource.ResourceHttpRequestHandler]
[INFO ] 2018-05-21 16:46:30.826 [localhost-startStop-1] ContextLoader - Root WebApplicationContext: initialization completed in 1260 ms
[INFO ] 2018-05-21 16:46:31.098 [main] SimpleUrlHandlerMapping - Mapped URL path [/**/favicon.ico] onto handler of type [class org.springframework.web.servlet.resource.ResourceHttpRequestHandler]
[INFO ] 2018-05-21 16:46:31.293 [main] RequestMappingHandlerAdapter - Looking for @ControllerAdvice: org.springframework.boot.web.servlet.context.AnnotationConfigServletWebServerApplicationContext@1e7aa82b: startup date [Mon May 21 16:46:29 CDT 2018]; root of context hierarchy
[INFO ] 2018-05-21 16:46:31.340 [main] RequestMappingHandlerMapping - Mapped "{[/]}" onto java.lang.String com.javasampleapproach.log4j2.controller.SimpleController.hello()
[INFO ] 2018-05-21 16:46:31.345 [main] RequestMappingHandlerMapping - Mapped "{[/error]}" onto public org.springframework.http.ResponseEntity<java.util.Map<java.lang.String, java.lang.Object>> org.springframework.boot.autoconfigure.web.servlet.error.BasicErrorController.error(javax.servlet.http.HttpServletRequest)
[INFO ] 2018-05-21 16:46:31.346 [main] RequestMappingHandlerMapping - Mapped "{[/error],produces=[text/html]}" onto public org.springframework.web.servlet.ModelAndView org.springframework.boot.autoconfigure.web.servlet.error.BasicErrorController.errorHtml(javax.servlet.http.HttpServletRequest,javax.servlet.http.HttpServletResponse)
[INFO ] 2018-05-21 16:46:31.368 [main] SimpleUrlHandlerMapping - Mapped URL path [/webjars/**] onto handler of type [class org.springframework.web.servlet.resource.ResourceHttpRequestHandler]
[INFO ] 2018-05-21 16:46:31.369 [main] SimpleUrlHandlerMapping - Mapped URL path [/**] onto handler of type [class org.springframework.web.servlet.resource.ResourceHttpRequestHandler]
